<?xml version="1.0" encoding="UTF-8"?>
<phpunit
         xmlns:xsi="http://www.w3.org/2001/XMLSchema-instance"
         xsi:noNamespaceSchemaLocation="https://schema.phpunit.de/8.0/phpunit.xsd"
         backupGlobals="false"
         backupStaticAttributes="false"
         cacheResult="true"
         cacheTokens="true"
         colors="true"
         convertErrorsToExceptions="true"
         convertNoticesToExceptions="true"
         convertWarningsToExceptions="true"
         forceCoversAnnotation="false"
         printerClass="PHPUnit\TextUI\ResultPrinter"
         processIsolation="false"
         stopOnError="false"
         stopOnFailure="false"
         stopOnIncomplete="false"
         stopOnSkipped="false"
         stopOnRisky="false"
         testSuiteLoaderClass="PHPUnit\Runner\StandardTestSuiteLoader"
         timeoutForSmallTests="1"
         timeoutForMediumTests="10"
         timeoutForLargeTests="60"
         verbose="false">
    <testsuites>
        <testsuite name="Application Test Suite">
            <directory>test</directory>
        </testsuite>
    </testsuites>
    <filter>
        <whitelist processUncoveredFilesFromWhitelist="true">
            <directory suffix=".php">types</directory>
            <exclude>
                <directory>vendor</directory>
                <directory>test</directory>
            </exclude>
        </whitelist>
    </filter>
    <php>
        <ini name="memory_limit" value="2048M"/>
        <ini name="max_execution_time" value="60"/>
    </php>
</phpunit>